09:27:32 | [info ] | JCMP Server 0.2.1 (Build 1011)
09:27:32 | [info ] | Loading configuration
09:27:32 | [info ] | Succesfully loaded configuration
09:27:33 | [info ] | No ban list found: cleared bans
09:27:33 | [info ] | Server started up successfully
09:28:36 | [info ] | Connection accepted
09:28:36 | [info ] | Adding player with ID 0 and guid 54046915290205907, SteamID: STEAM_0:1:79588837
09:28:36 | [info ] | watermelon joined the server (41.135.85.140)
09:29:36 | [info ] | Connection accepted
09:29:36 | [info ] | Adding player with ID 1 and guid 1017813517686552628, SteamID: STEAM_0:0:11728421
09:29:36 | [info ] | Proglote joined the server (192.168.0.1)
09:29:52 | [info ] | Proglote left the server (192.168.0.1)
09:29:58 | [info ] | watermelon left the server (41.135.85.140)
11:24:26 | [info ] | JCMP Server 0.2.1 (Build 1011)
11:24:26 | [info ] | Loading configuration
11:24:26 | [info ] | Succesfully loaded configuration
11:24:27 | [info ] | No ban list found: cleared bans
11:24:27 | [info ] | Server started up successfully
11:24:27 | [info ] | Failed to load module Oil: Module can't be loaded because the path is empty
11:25:34 | [info ] | Connection accepted
11:25:34 | [info ] | Adding player with ID 0 and guid 653021995196375342, SteamID: STEAM_0:1:79139420
11:25:34 | [info ] | Flam3 joined the server (179.233.187.235)
11:40:08 | [info ] | JCMP Server 0.2.1 (Build 1011)
11:40:08 | [info ] | Loading configuration
11:40:08 | [info ] | Succesfully loaded configuration
11:40:08 | [info ] | No ban list found: cleared bans
11:40:08 | [info ] | Server started up successfully
11:40:08 | [info ] | Loading module CommandsController
11:40:08 | [info ] | Module CommandsController loaded successfully
11:40:08 | [info ] | Loading module Maintenance
11:40:08 | [info ] | Module Maintenance loaded successfully
11:40:08 | [info ] | Failed to load module Oil: Module can't be loaded because the path is empty
11:40:18 | [info ] | Connection accepted
11:40:18 | [info ] | Adding player with ID 0 and guid 1067353121574898293, SteamID: STEAM_0:0:11728421
11:40:18 | [info ] | Proglote joined the server (192.168.0.1)
11:40:38 | [info ] | [chat]: <Proglote>: /POS
11:40:40 | [info ] | [chat]: <Proglote>: /pos
11:40:51 | [info ] | Module CommandsController unloaded successfully
11:40:51 | [info ] | Module Maintenance unloaded successfully
11:40:51 | [info ] | Loading module CommandsController
11:40:51 | [info ] | Module CommandsController loaded successfully
11:40:51 | [info ] | Loading module Maintenance
11:40:51 | [info ] | Module Maintenance loaded successfully
11:40:51 | [info ] | Failed to load module Oil: Module can't be loaded because the path is empty
11:40:58 | [info ] | [chat]: <Proglote>: /pos
11:42:19 | [info ] | [chat]: <Proglote>: /pos
11:43:09 | [info ] | [Console] o
11:43:31 | [info ] | JCMP Server 0.2.1 (Build 1011)
11:43:31 | [info ] | Loading configuration
11:43:31 | [info ] | Succesfully loaded configuration
11:43:31 | [info ] | No ban list found: cleared bans
11:43:31 | [info ] | Server started up successfully
11:43:31 | [info ] | Loading module CommandsController
11:43:31 | [info ] | Module CommandsController loaded successfully
11:43:31 | [info ] | Loading module Maintenance
11:43:31 | [info ] | Module Maintenance loaded successfully
11:43:31 | [info ] | Failed to load module Oil: Module can't be loaded because the path is empty
11:43:37 | [info ] | Connection accepted
11:43:37 | [info ] | Adding player with ID 0 and guid 1067353121574898293, SteamID: STEAM_0:0:11728421
11:43:37 | [info ] | Proglote joined the server (192.168.0.1)
11:44:52 | [info ] | Module CommandsController unloaded successfully
11:44:52 | [info ] | Module Maintenance unloaded successfully
11:44:52 | [info ] | Loading module CommandsController
11:44:52 | [info ] | Module CommandsController loaded successfully
11:44:52 | [info ] | Loading module Maintenance
11:44:52 | [info ] | Module Maintenance loaded successfully
11:44:52 | [info ] | Failed to load module Oil: Module can't be loaded because the path is empty
11:45:29 | [info ] | [chat]: <Proglote>: www.com.br
11:48:37 | [info ] | Connection accepted
11:48:37 | [info ] | Adding player with ID 1 and guid 607985960498125540, SteamID: STEAM_0:0:71397899
11:48:37 | [info ] | mucufa joined the server (177.180.244.198)
11:48:38 | [info ] | mucufa left the server (177.180.244.198)
11:48:48 | [info ] | Module CommandsController unloaded successfully
11:48:48 | [info ] | Module Maintenance unloaded successfully
11:48:48 | [info ] | Loading module CommandsController
11:48:48 | [info ] | Module CommandsController loaded successfully
11:48:48 | [info ] | Loading module Maintenance
11:48:48 | [info ] | Module Maintenance loaded successfully
11:48:48 | [info ] | Failed to load module Oil: Module can't be loaded because the path is empty
11:49:00 | [info ] | Module CommandsController unloaded successfully
11:49:00 | [info ] | Module Maintenance unloaded successfully
11:49:00 | [info ] | Loading module CommandsController
11:49:00 | [info ] | Module CommandsController loaded successfully
11:49:00 | [info ] | Loading module Maintenance
11:49:00 | [info ] | Module Maintenance loaded successfully
11:49:00 | [info ] | Failed to load module Oil: Module can't be loaded because the path is empty
11:49:48 | [info ] | Connection accepted
11:49:48 | [info ] | Adding player with ID 1 and guid 337769983005725815, SteamID: STEAM_0:0:71397899
11:49:48 | [info ] | mucufa joined the server (177.180.244.198)
11:50:05 | [info ] | Module CommandsController unloaded successfully
11:50:05 | [info ] | Module Maintenance unloaded successfully
11:50:05 | [info ] | Loading module CommandsController
11:50:05 | [info ] | Module CommandsController loaded successfully
11:50:05 | [info ] | Loading module Maintenance
11:50:05 | [info ] | Module Maintenance loaded successfully
11:50:05 | [info ] | Failed to load module Oil: Module can't be loaded because the path is empty
11:50:14 | [info ] | mucufa left the server (177.180.244.198)
11:50:21 | [info ] | Module CommandsController unloaded successfully
11:50:21 | [info ] | Module Maintenance unloaded successfully
11:50:21 | [info ] | Loading module CommandsController
11:50:21 | [info ] | Module CommandsController loaded successfully
11:50:21 | [info ] | Loading module Maintenance
11:50:21 | [info ] | Module Maintenance loaded successfully
11:50:21 | [info ] | Failed to load module Oil: Module can't be loaded because the path is empty
11:51:18 | [info ] | Module CommandsController unloaded successfully
11:51:18 | [info ] | Module Maintenance unloaded successfully
11:51:18 | [info ] | Loading module CommandsController
11:51:18 | [info ] | Module CommandsController loaded successfully
11:51:18 | [info ] | Loading module Maintenance
11:51:18 | [info ] | Module Maintenance loaded successfully
11:51:18 | [info ] | Failed to load module Oil: Module can't be loaded because the path is empty
11:51:34 | [info ] | Module CommandsController unloaded successfully
11:51:34 | [info ] | Module Maintenance unloaded successfully
11:51:34 | [info ] | Loading module CommandsController
11:51:34 | [info ] | Module CommandsController loaded successfully
11:51:34 | [info ] | Loading module Maintenance
11:51:34 | [info ] | Module Maintenance loaded successfully
11:51:34 | [info ] | Failed to load module Oil: Module can't be loaded because the path is empty
11:51:49 | [info ] | Module CommandsController unloaded successfully
11:51:49 | [info ] | Module Maintenance unloaded successfully
11:51:49 | [info ] | Loading module CommandsController
11:51:49 | [info ] | Module CommandsController loaded successfully
11:51:49 | [info ] | Loading module Maintenance
11:51:49 | [info ] | Module Maintenance loaded successfully
11:51:49 | [info ] | Failed to load module Oil: Module can't be loaded because the path is empty
11:51:58 | [info ] | Module CommandsController unloaded successfully
11:51:58 | [info ] | Module Maintenance unloaded successfully
11:51:58 | [info ] | Loading module CommandsController
11:51:58 | [info ] | Module CommandsController loaded successfully
11:51:58 | [info ] | Loading module Maintenance
11:51:58 | [info ] | Module Maintenance loaded successfully
11:51:58 | [info ] | Failed to load module Oil: Module can't be loaded because the path is empty
11:52:34 | [info ] | Module CommandsController unloaded successfully
11:52:34 | [info ] | Module Maintenance unloaded successfully
11:52:34 | [info ] | Loading module CommandsController
11:52:34 | [info ] | Module CommandsController loaded successfully
11:52:34 | [info ] | Loading module Maintenance
11:52:34 | [info ] | Module Maintenance loaded successfully
11:52:34 | [info ] | Failed to load module Oil: Module can't be loaded because the path is empty
11:52:49 | [info ] | Module CommandsController unloaded successfully
11:52:49 | [info ] | Module Maintenance unloaded successfully
11:52:49 | [info ] | Loading module CommandsController
11:52:49 | [info ] | Module CommandsController loaded successfully
11:52:49 | [info ] | Loading module Maintenance
11:52:49 | [info ] | Module Maintenance loaded successfully
11:52:49 | [info ] | Failed to load module Oil: Module can't be loaded because the path is empty
11:53:05 | [info ] | Module CommandsController unloaded successfully
11:53:05 | [info ] | Module Maintenance unloaded successfully
11:53:05 | [info ] | Loading module CommandsController
11:53:05 | [info ] | Module CommandsController loaded successfully
11:53:05 | [info ] | Loading module Maintenance
11:53:05 | [info ] | Module Maintenance loaded successfully
11:53:05 | [info ] | Failed to load module Oil: Module can't be loaded because the path is empty
11:53:53 | [info ] | Module CommandsController unloaded successfully
11:53:54 | [info ] | Module Maintenance unloaded successfully
11:53:54 | [info ] | Loading module CommandsController
11:53:54 | [info ] | Module CommandsController loaded successfully
11:53:54 | [info ] | Loading module Maintenance
11:53:54 | [info ] | Module Maintenance loaded successfully
11:53:54 | [info ] | Failed to load module Oil: Module can't be loaded because the path is empty
11:53:59 | [info ] | Module CommandsController unloaded successfully
11:53:59 | [info ] | Module Maintenance unloaded successfully
11:53:59 | [info ] | Loading module CommandsController
11:53:59 | [info ] | Module CommandsController loaded successfully
11:53:59 | [info ] | Loading module Maintenance
11:53:59 | [info ] | Module Maintenance loaded successfully
11:53:59 | [info ] | Failed to load module Oil: Module can't be loaded because the path is empty
11:54:19 | [info ] | Module CommandsController unloaded successfully
11:54:19 | [info ] | Module Maintenance unloaded successfully
11:54:19 | [info ] | Loading module CommandsController
11:54:19 | [info ] | Module CommandsController loaded successfully
11:54:19 | [info ] | Loading module Maintenance
11:54:19 | [info ] | Module Maintenance loaded successfully
11:54:19 | [info ] | Failed to load module Oil: Module can't be loaded because the path is empty
11:57:02 | [info ] | Connection accepted
11:57:02 | [info ] | Adding player with ID 1 and guid 616993338080226548, SteamID: STEAM_0:1:38010831
11:57:02 | [info ] | EZ.NBOEB joined the server (90.155.227.152)
11:57:07 | [info ] | Module CommandsController unloaded successfully
11:57:07 | [info ] | Module Maintenance unloaded successfully
11:57:07 | [info ] | Loading module CommandsController
11:57:07 | [info ] | Module CommandsController loaded successfully
11:57:07 | [info ] | Loading module Maintenance
11:57:07 | [info ] | Module Maintenance loaded successfully
11:57:07 | [info ] | Failed to load module Oil: Module can't be loaded because the path is empty
11:57:21 | [info ] | Module CommandsController unloaded successfully
11:57:21 | [info ] | Module Maintenance unloaded successfully
11:57:21 | [info ] | Loading module CommandsController
11:57:21 | [info ] | Module CommandsController loaded successfully
11:57:21 | [info ] | Loading module Maintenance
11:57:21 | [info ] | Module Maintenance loaded successfully
11:57:21 | [info ] | Failed to load module Oil: Module can't be loaded because the path is empty
11:57:27 | [info ] | Module CommandsController unloaded successfully
11:57:27 | [info ] | Module Maintenance unloaded successfully
11:57:27 | [info ] | Loading module CommandsController
11:57:27 | [info ] | Module CommandsController loaded successfully
11:57:27 | [info ] | Loading module Maintenance
11:57:27 | [info ] | Module Maintenance loaded successfully
11:57:27 | [info ] | Failed to load module Oil: Module can't be loaded because the path is empty
11:57:32 | [info ] | Connection accepted
11:57:32 | [info ] | Adding player with ID 2 and guid 315252095505464140, SteamID: STEAM_0:0:82670569
11:57:32 | [info ] | Belka_Letaga joined the server (46.138.93.109)
11:57:49 | [info ] | Proglote left the server (192.168.0.1)
11:57:50 | [info ] | EZ.NBOEB left the server (90.155.227.152)
11:57:57 | [info ] | Connection accepted
11:57:57 | [info ] | Adding player with ID 1 and guid 1067353121574898293, SteamID: STEAM_0:0:11728421
11:57:57 | [info ] | Proglote joined the server (192.168.0.1)
11:58:01 | [info ] | [chat]: <Belka_Letaga>: /tp citiy
11:58:17 | [info ] | Belka_Letaga left the server (46.138.93.109)
12:00:52 | [info ] | Connection accepted
12:00:52 | [info ] | Adding player with ID 2 and guid 864691498419768266, SteamID: STEAM_0:1:34957933
12:00:52 | [info ] | kemuri joined the server (61.211.40.82)
12:01:18 | [info ] | Connection accepted
12:01:18 | [info ] | Adding player with ID 0 and guid 351280771154156379, SteamID: STEAM_0:0:78474497
12:01:18 | [info ] | 31 TH OCTOBER joined the server (49.49.251.43)
12:01:38 | [info ] | Connection accepted
12:01:38 | [info ] | Adding player with ID 3 and guid 635007555949352861, SteamID: STEAM_0:0:140219265
12:01:38 | [info ] | data.dagelishvili joined the server (92.51.116.131)
12:02:11 | [info ] | data.dagelishvili left the server (92.51.116.131)
12:02:14 | [info ] | 31 TH OCTOBER left the server (49.49.251.43)
12:02:29 | [info ] | kemuri left the server (61.211.40.82)
12:04:34 | [info ] | Module CommandsController unloaded successfully
12:04:34 | [info ] | Module Maintenance unloaded successfully
12:04:34 | [info ] | Loading module CommandsController
12:04:34 | [info ] | Module CommandsController loaded successfully
12:04:34 | [info ] | Loading module Maintenance
12:04:34 | [info ] | Module Maintenance loaded successfully
12:04:34 | [info ] | Failed to load module Oil: Module can't be loaded because the path is empty
12:04:51 | [info ] | Module CommandsController unloaded successfully
12:04:51 | [info ] | Module Maintenance unloaded successfully
12:04:51 | [info ] | Loading module CommandsController
12:04:51 | [info ] | Module CommandsController loaded successfully
12:04:51 | [info ] | Loading module Maintenance
12:04:51 | [info ] | Module Maintenance loaded successfully
12:04:51 | [info ] | Failed to load module Oil: Module can't be loaded because the path is empty
12:04:57 | [info ] | Module CommandsController unloaded successfully
12:04:57 | [info ] | Module Maintenance unloaded successfully
12:04:57 | [info ] | Loading module CommandsController
12:04:57 | [info ] | Module CommandsController loaded successfully
12:04:57 | [info ] | Loading module Maintenance
12:04:57 | [info ] | Module Maintenance loaded successfully
12:04:57 | [info ] | Failed to load module Oil: Module can't be loaded because the path is empty
12:05:25 | [info ] | Module CommandsController unloaded successfully
12:05:25 | [info ] | Module Maintenance unloaded successfully
12:05:25 | [info ] | Loading module CommandsController
12:05:25 | [info ] | Module CommandsController loaded successfully
12:05:25 | [info ] | Loading module Maintenance
12:05:25 | [info ] | Module Maintenance loaded successfully
12:05:25 | [info ] | Failed to load module Oil: Module can't be loaded because the path is empty
12:05:35 | [info ] | Module CommandsController unloaded successfully
12:05:35 | [info ] | Module Maintenance unloaded successfully
12:05:35 | [info ] | Loading module CommandsController
12:05:35 | [info ] | Module CommandsController loaded successfully
12:05:35 | [info ] | Loading module Maintenance
12:05:35 | [info ] | Module Maintenance loaded successfully
12:05:35 | [info ] | Failed to load module Oil: Module can't be loaded because the path is empty
12:05:41 | [info ] | Module CommandsController unloaded successfully
12:05:41 | [info ] | Module Maintenance unloaded successfully
12:05:41 | [info ] | Loading module CommandsController
12:05:41 | [info ] | Module CommandsController loaded successfully
12:05:41 | [info ] | Loading module Maintenance
12:05:41 | [info ] | Module Maintenance loaded successfully
12:05:41 | [info ] | Failed to load module Oil: Module can't be loaded because the path is empty
12:05:45 | [info ] | Module CommandsController unloaded successfully
12:05:45 | [info ] | Module Maintenance unloaded successfully
12:05:45 | [info ] | Loading module CommandsController
12:05:45 | [info ] | Module CommandsController loaded successfully
12:05:45 | [info ] | Loading module Maintenance
12:05:45 | [info ] | Module Maintenance loaded successfully
12:05:45 | [info ] | Failed to load module Oil: Module can't be loaded because the path is empty
12:05:55 | [info ] | Module CommandsController unloaded successfully
12:05:55 | [info ] | Module Maintenance unloaded successfully
12:05:55 | [info ] | Loading module CommandsController
12:05:55 | [info ] | Module CommandsController loaded successfully
12:05:55 | [info ] | Loading module Maintenance
12:05:55 | [info ] | Module Maintenance loaded successfully
12:05:55 | [info ] | Failed to load module Oil: Module can't be loaded because the path is empty
12:05:58 | [info ] | Module CommandsController unloaded successfully
12:05:58 | [info ] | Module Maintenance unloaded successfully
12:05:58 | [info ] | Loading module CommandsController
12:05:58 | [info ] | Module CommandsController loaded successfully
12:05:58 | [info ] | Loading module Maintenance
12:05:58 | [info ] | Module Maintenance loaded successfully
12:05:58 | [info ] | Failed to load module Oil: Module can't be loaded because the path is empty
12:07:20 | [info ] | Connection accepted
12:07:20 | [info ] | Adding player with ID 2 and guid 360288092569897587, SteamID: STEAM_0:1:117982268
12:07:20 | [info ] | TylerBboy89205 joined the server (99.8.236.37)
12:07:22 | [info ] | Module CommandsController unloaded successfully
12:07:22 | [info ] | Module Maintenance unloaded successfully
12:07:22 | [info ] | Loading module CommandsController
12:07:22 | [info ] | Module CommandsController loaded successfully
12:07:22 | [info ] | Loading module Maintenance
12:07:22 | [info ] | Module Maintenance loaded successfully
12:07:22 | [info ] | Failed to load module Oil: Module can't be loaded because the path is empty
12:07:49 | [info ] | Module CommandsController unloaded successfully
12:07:49 | [info ] | Module Maintenance unloaded successfully
12:07:49 | [info ] | Loading module CommandsController
12:07:49 | [info ] | Module CommandsController loaded successfully
12:07:49 | [info ] | Loading module Maintenance
12:07:49 | [info ] | Module Maintenance loaded successfully
12:07:49 | [info ] | Failed to load module Oil: Module can't be loaded because the path is empty
12:07:56 | [info ] | Module CommandsController unloaded successfully
12:07:56 | [info ] | Module Maintenance unloaded successfully
12:07:56 | [info ] | Loading module CommandsController
12:07:56 | [info ] | Module CommandsController loaded successfully
12:07:56 | [info ] | Loading module Maintenance
12:07:56 | [info ] | Module Maintenance loaded successfully
12:07:56 | [info ] | Failed to load module Oil: Module can't be loaded because the path is empty
12:07:59 | [info ] | TylerBboy89205 left the server (99.8.236.37)
12:08:02 | [info ] | Module CommandsController unloaded successfully
12:08:02 | [info ] | Module Maintenance unloaded successfully
12:08:02 | [info ] | Loading module CommandsController
12:08:02 | [info ] | Module CommandsController loaded successfully
12:08:02 | [info ] | Loading module Maintenance
12:08:02 | [info ] | Module Maintenance loaded successfully
12:08:02 | [info ] | Failed to load module Oil: Module can't be loaded because the path is empty
12:08:16 | [info ] | Failed to load module mainentence: Module can't be loaded because the path does not exist
12:08:17 | [info ] | Module CommandsController unloaded successfully
12:08:17 | [info ] | Module Maintenance unloaded successfully
12:08:17 | [info ] | Loading module CommandsController
12:08:17 | [info ] | Module CommandsController loaded successfully
12:08:17 | [info ] | Loading module Maintenance
12:08:17 | [info ] | Module Maintenance loaded successfully
12:08:17 | [info ] | Failed to load module Oil: Module can't be loaded because the path is empty
12:09:04 | [info ] | Module CommandsController unloaded successfully
12:09:04 | [info ] | Module Maintenance unloaded successfully
12:09:04 | [info ] | Loading module CommandsController
12:09:04 | [info ] | Module CommandsController loaded successfully
12:09:04 | [info ] | Loading module Maintenance
12:09:04 | [info ] | Module Maintenance loaded successfully
12:09:04 | [info ] | Failed to load module Oil: Module can't be loaded because the path is empty
12:09:22 | [info ] | Module CommandsController unloaded successfully
12:09:22 | [info ] | Module Maintenance unloaded successfully
12:09:22 | [info ] | Loading module CommandsController
12:09:22 | [info ] | Module CommandsController loaded successfully
12:09:22 | [info ] | Loading module Maintenance
12:09:22 | [info ] | Module Maintenance loaded successfully
12:09:22 | [info ] | Failed to load module Oil: Module can't be loaded because the path is empty
12:09:50 | [info ] | Module CommandsController unloaded successfully
12:09:50 | [info ] | Module Maintenance unloaded successfully
12:09:50 | [info ] | Loading module CommandsController
12:09:50 | [info ] | Module CommandsController loaded successfully
12:09:50 | [info ] | Loading module Maintenance
12:09:50 | [info ] | Module Maintenance loaded successfully
12:09:50 | [info ] | Failed to load module Oil: Module can't be loaded because the path is empty
12:09:55 | [info ] | Module CommandsController unloaded successfully
12:09:55 | [info ] | Module Maintenance unloaded successfully
12:09:55 | [info ] | Loading module CommandsController
12:09:55 | [info ] | Module CommandsController loaded successfully
12:09:55 | [info ] | Loading module Maintenance
12:09:56 | [info ] | Module Maintenance loaded successfully
12:09:56 | [info ] | Failed to load module Oil: Module can't be loaded because the path is empty
12:10:06 | [info ] | Module CommandsController unloaded successfully
12:10:06 | [info ] | Module Maintenance unloaded successfully
12:10:06 | [info ] | Loading module CommandsController
12:10:06 | [info ] | Module CommandsController loaded successfully
12:10:06 | [info ] | Loading module Maintenance
12:10:06 | [info ] | Module Maintenance loaded successfully
12:10:06 | [info ] | Failed to load module Oil: Module can't be loaded because the path is empty
12:10:30 | [info ] | Module CommandsController unloaded successfully
12:10:30 | [info ] | Module Maintenance unloaded successfully
12:10:30 | [info ] | Loading module CommandsController
12:10:30 | [info ] | Module CommandsController loaded successfully
12:10:30 | [info ] | Loading module Maintenance
12:10:30 | [info ] | Module Maintenance loaded successfully
12:10:30 | [info ] | Failed to load module Oil: Module can't be loaded because the path is empty
12:10:44 | [info ] | Module CommandsController unloaded successfully
12:10:44 | [info ] | Module Maintenance unloaded successfully
12:10:44 | [info ] | Loading module CommandsController
12:10:44 | [info ] | Module CommandsController loaded successfully
12:10:44 | [info ] | Loading module Maintenance
12:10:44 | [info ] | Module Maintenance loaded successfully
12:10:44 | [info ] | Failed to load module Oil: Module can't be loaded because the path is empty
12:11:03 | [info ] | Module CommandsController unloaded successfully
12:11:03 | [info ] | Module Maintenance unloaded successfully
12:11:03 | [info ] | Loading module CommandsController
12:11:03 | [info ] | Module CommandsController loaded successfully
12:11:03 | [info ] | Loading module Maintenance
12:11:03 | [info ] | Module Maintenance loaded successfully
12:11:03 | [info ] | Failed to load module Oil: Module can't be loaded because the path is empty
12:11:13 | [info ] | Module CommandsController unloaded successfully
12:11:13 | [info ] | Module Maintenance unloaded successfully
12:11:13 | [info ] | Loading module CommandsController
12:11:13 | [info ] | Module CommandsController loaded successfully
12:11:13 | [info ] | Loading module Maintenance
12:11:13 | [info ] | Module Maintenance loaded successfully
12:11:13 | [info ] | Failed to load module Oil: Module can't be loaded because the path is empty
12:11:57 | [info ] | Module CommandsController unloaded successfully
12:11:57 | [info ] | Module Maintenance unloaded successfully
12:11:57 | [info ] | Loading module CommandsController
12:11:57 | [info ] | Module CommandsController loaded successfully
12:11:57 | [info ] | Loading module Maintenance
12:11:57 | [info ] | Module Maintenance loaded successfully
12:11:57 | [info ] | Failed to load module Oil: Module can't be loaded because the path is empty
12:12:44 | [info ] | Module CommandsController unloaded successfully
12:12:44 | [info ] | Module Maintenance unloaded successfully
12:12:44 | [info ] | Loading module CommandsController
12:12:44 | [info ] | Module CommandsController loaded successfully
12:12:44 | [info ] | Loading module Maintenance
12:12:44 | [info ] | Module Maintenance loaded successfully
12:12:44 | [info ] | Failed to load module Oil: Module can't be loaded because the path is empty
12:13:04 | [info ] | Module CommandsController unloaded successfully
12:13:04 | [info ] | Module Maintenance unloaded successfully
12:13:04 | [info ] | Loading module CommandsController
12:13:04 | [info ] | Module CommandsController loaded successfully
12:13:04 | [info ] | Loading module Maintenance
12:13:04 | [info ] | Module Maintenance loaded successfully
12:13:04 | [info ] | Failed to load module Oil: Module can't be loaded because the path is empty
12:13:11 | [info ] | Module CommandsController unloaded successfully
12:13:11 | [info ] | Module Maintenance unloaded successfully
12:13:11 | [info ] | Loading module CommandsController
12:13:11 | [info ] | Module CommandsController loaded successfully
12:13:11 | [info ] | Loading module Maintenance
12:13:11 | [info ] | Module Maintenance loaded successfully
12:13:11 | [info ] | Failed to load module Oil: Module can't be loaded because the path is empty
12:13:19 | [info ] | Module CommandsController unloaded successfully
12:13:19 | [info ] | Module Maintenance unloaded successfully
12:13:19 | [info ] | Loading module CommandsController
12:13:19 | [info ] | Module CommandsController loaded successfully
12:13:19 | [info ] | Loading module Maintenance
12:13:19 | [info ] | Module Maintenance loaded successfully
12:13:19 | [info ] | Failed to load module Oil: Module can't be loaded because the path is empty
12:13:22 | [info ] | Module CommandsController unloaded successfully
12:13:22 | [info ] | Module Maintenance unloaded successfully
12:13:22 | [info ] | Loading module CommandsController
12:13:22 | [info ] | Module CommandsController loaded successfully
12:13:22 | [info ] | Loading module Maintenance
12:13:22 | [info ] | Module Maintenance loaded successfully
12:13:22 | [info ] | Failed to load module Oil: Module can't be loaded because the path is empty
12:13:25 | [info ] | Module CommandsController unloaded successfully
12:13:25 | [info ] | Module Maintenance unloaded successfully
12:13:25 | [info ] | Loading module CommandsController
12:13:25 | [info ] | Module CommandsController loaded successfully
12:13:25 | [info ] | Loading module Maintenance
12:13:25 | [info ] | Module Maintenance loaded successfully
12:13:25 | [info ] | Failed to load module Oil: Module can't be loaded because the path is empty
12:13:54 | [info ] | Proglote left the server (192.168.0.1)
12:26:23 | [info ] | Connection accepted
12:26:23 | [info ] | Adding player with ID 1 and guid 270215985904150556, SteamID: STEAM_0:1:79219248
12:26:23 | [info ] | faris.nerlich joined the server (91.32.192.94)
12:27:21 | [info ] | faris.nerlich left the server (91.32.192.94)
12:50:56 | [info ] | Connection accepted
12:50:56 | [info ] | Adding player with ID 1 and guid 396318000135441679, SteamID: STEAM_0:0:72027217
12:50:56 | [info ] | jeff joined the server (50.29.189.51)
12:51:26 | [info ] | jeff left the server (50.29.189.51)
12:55:44 | [info ] | Connection accepted
12:55:44 | [info ] | Adding player with ID 1 and guid 846676759437489865, SteamID: STEAM_0:0:76801136
12:55:44 | [info ] | OCRO joined the server (2.62.58.216)
12:55:46 | [info ] | Connection accepted
12:55:46 | [info ] | Adding player with ID 2 and guid 1062849525699062693, SteamID: STEAM_0:1:129705821
12:55:46 | [info ] | Западный Олень joined the server (2.62.39.251)
12:56:41 | [info ] | Connection accepted
12:56:41 | [info ] | Adding player with ID 0 and guid 315251994450624912, SteamID: STEAM_0:1:90373620
12:56:41 | [info ] | pin08fomin joined the server (77.51.56.22)
12:57:03 | [info ] | pin08fomin left the server (77.51.56.22)
12:57:07 | [info ] | OCRO left the server (2.62.58.216)
12:57:09 | [info ] | Западный Олень left the server (2.62.39.251)
13:01:43 | [info ] | Connection accepted
13:01:43 | [info ] | Adding player with ID 2 and guid 1017813784799206286, SteamID: STEAM_0:1:146786689
13:01:43 | [info ] | HOT_HEADSHOT joined the server (91.78.206.88)
13:02:47 | [info ] | Connection accepted
13:02:47 | [info ] | Adding player with ID 1 and guid 756604748302000512, SteamID: STEAM_0:1:8037258
13:02:47 | [info ] | A FAN OF ZIDKEY 9bet joined the server (79.165.105.216)
13:03:08 | [info ] | HOT_HEADSHOT left the server (91.78.206.88)
13:03:11 | [info ] | A FAN OF ZIDKEY 9bet left the server (79.165.105.216)
13:04:44 | [info ] | Connection accepted
13:04:44 | [info ] | Adding player with ID 1 and guid 662029159910711851, SteamID: STEAM_0:0:47839287
13:04:44 | [info ] | *RAGE*roma.k joined the server (88.84.200.134)
13:05:09 | [info ] | Connection accepted
13:05:09 | [info ] | Adding player with ID 2 and guid 81064802665957183, SteamID: STEAM_0:0:99311399
13:05:09 | [info ] | Чаёчек joined the server (213.21.35.145)
13:05:19 | [info ] | *RAGE*roma.k left the server (88.84.200.134)
13:05:48 | [info ] | Чаёчек left the server (213.21.35.145)
13:06:24 | [info ] | Connection accepted
13:06:24 | [info ] | Adding player with ID 2 and guid 1130403520333998927, SteamID: STEAM_0:1:129705821
13:06:24 | [info ] | Западный Олень joined the server (2.62.39.251)
13:06:30 | [info ] | Connection accepted
13:06:30 | [info ] | Adding player with ID 1 and guid 860187559101717022, SteamID: STEAM_0:0:76801136
13:06:30 | [info ] | OCRO joined the server (2.62.58.216)
13:06:44 | [info ] | Западный Олень left the server (2.62.39.251)
13:07:05 | [info ] | OCRO left the server (2.62.58.216)
13:11:09 | [info ] | Connection accepted
13:11:09 | [info ] | Adding player with ID 1 and guid 513410361732625903, SteamID: STEAM_0:1:99426967
13:11:09 | [info ] | 💪FIsh joined the server (46.232.132.162)
13:11:49 | [info ] | 💪FIsh left the server (46.232.132.162)
13:23:23 | [info ] | Connection accepted
13:23:24 | [info ] | Adding player with ID 1 and guid 824159148224543698, SteamID: STEAM_0:1:62978126
13:23:24 | [info ] | [ΖмBя.™]Oficial_Ming joined the server (177.96.114.230)
13:24:38 | [info ] | Connection accepted
13:24:38 | [info ] | Adding player with ID 2 and guid 1130403993902654445, SteamID: STEAM_0:1:63444575
13:24:38 | [info ] | CAVALAO joined the server (200.100.61.231)
13:25:11 | [info ] | CAVALAO left the server (200.100.61.231)
13:25:30 | [info ] | [ΖмBя.™]Oficial_Ming left the server (177.96.114.230)
13:28:25 | [info ] | Connection accepted
13:28:25 | [info ] | Adding player with ID 1 and guid 117093596074351135, SteamID: STEAM_0:1:55270534
13:28:25 | [info ] | Da_Garten joined the server (93.212.193.185)
13:28:47 | [info ] | Connection accepted
13:28:47 | [info ] | Adding player with ID 2 and guid 603485637459078313, SteamID: STEAM_0:0:68983440
13:28:47 | [info ] | simon.winzl8 joined the server (95.91.232.152)
13:29:17 | [info ] | Da_Garten left the server (93.212.193.185)
13:29:25 | [info ] | simon.winzl8 left the server (95.91.232.152)
13:33:29 | [info ] | Connection accepted
13:33:29 | [info ] | Adding player with ID 2 and guid 738590360092163501, SteamID: STEAM_0:0:122821854
13:33:29 | [info ] | TREIVERGame joined the server (80.95.38.108)
13:33:44 | [info ] | Connection accepted
13:33:44 | [info ] | Adding player with ID 1 and guid 207165604091306813, SteamID: STEAM_0:1:65850390
13:33:44 | [info ] | ДЕНЬГИ В ДОЛГ joined the server (5.166.233.117)
13:33:50 | [info ] | Connection accepted
13:33:51 | [info ] | Adding player with ID 0 and guid 468374380599875592, SteamID: STEAM_0:0:60473386
13:33:51 | [info ] | Sheik - igraet DENIS joined the server (92.246.189.148)
13:34:29 | [info ] | Connection accepted
13:34:29 | [info ] | Adding player with ID 3 and guid 198158569151173434, SteamID: STEAM_0:0:109270173
13:34:29 | [info ] | GreenScreenAnimation joined the server (80.43.254.249)
13:34:47 | [info ] | [chat]: <TREIVERGame>: GJNH
13:35:06 | [info ] | TREIVERGame left the server (80.95.38.108)
13:35:07 | [info ] | ДЕНЬГИ В ДОЛГ left the server (5.166.233.117)
13:35:13 | [info ] | Sheik - igraet DENIS left the server (92.246.189.148)
13:36:24 | [info ] | GreenScreenAnimation left the server (80.43.254.249)
13:43:03 | [info ] | Connection accepted
13:43:03 | [info ] | Adding player with ID 3 and guid 315252147592346834, SteamID: STEAM_0:1:118046941
13:43:03 | [info ] | vegardo69 joined the server (84.212.10.139)
13:43:04 | [info ] | Connection accepted
13:43:04 | [info ] | Adding player with ID 0 and guid 135108073830976849, SteamID: STEAM_0:1:35222833
13:43:04 | [info ] | Ryza joined the server (193.83.209.180)
13:43:07 | [info ] | Connection accepted
13:43:07 | [info ] | Adding player with ID 1 and guid 418835197330364884, SteamID: STEAM_0:1:96549970
13:43:07 | [info ] | IZIFLOW joined the server (84.212.10.139)
13:43:07 | [info ] | Connection accepted
13:43:07 | [info ] | Adding player with ID 2 and guid 576460762751707871, SteamID: STEAM_0:0:80120345
13:43:07 | [info ] | Gabenmeister joined the server (84.212.3.67)
13:43:29 | [info ] | Ryza left the server (193.83.209.180)
13:43:35 | [info ] | vegardo69 left the server (84.212.10.139)
13:43:39 | [info ] | Gabenmeister left the server (84.212.3.67)
13:43:56 | [info ] | IZIFLOW left the server (84.212.10.139)
13:45:09 | [info ] | Connection accepted
13:45:09 | [info ] | Adding player with ID 1 and guid 1121397018505755977, SteamID: STEAM_0:0:101865530
13:45:09 | [info ] | WinstonSSG joined the server (180.183.146.16)
13:45:11 | [info ] | Connection accepted
13:45:11 | [info ] | Adding player with ID 2 and guid 486388834172863597, SteamID: STEAM_0:1:97420003
13:45:11 | [info ] | ey b0ss joined the server (84.26.209.49)
13:45:39 | [info ] | Connection accepted
13:45:39 | [info ] | Adding player with ID 3 and guid 963770330398377905, SteamID: STEAM_0:1:109751284
13:45:39 | [info ] | ♏ع∂βع∂ь™ joined the server (188.242.13.169)
13:45:49 | [info ] | ey b0ss left the server (84.26.209.49)
13:45:55 | [info ] | Connection accepted
13:45:55 | [info ] | Adding player with ID 2 and guid 508906759793377573, SteamID: STEAM_0:1:74380965
13:45:55 | [info ] | Bee [Bzzzzz] ERR 404 joined the server (178.66.127.203)
13:45:56 | [info ] | WinstonSSG left the server (180.183.146.16)
13:46:20 | [info ] | ♏ع∂βع∂ь™ left the server (188.242.13.169)
13:46:25 | [info ] | Bee [Bzzzzz] ERR 404 left the server (178.66.127.203)
13:51:00 | [info ] | Connection accepted
13:51:00 | [info ] | Adding player with ID 2 and guid 675539958203534236, SteamID: STEAM_0:1:99563719
13:51:00 | [info ] | [D.M]סאַשאַ סמאַקוס joined the server (2.94.145.38)
13:52:09 | [info ] | [D.M]סאַשאַ סמאַקוס left the server (2.94.145.38)
13:53:50 | [info ] | Connection accepted
13:53:50 | [info ] | Adding player with ID 2 and guid 707065291484242691, SteamID: STEAM_0:1:79493406
13:53:50 | [info ] | mr spoon joined the server (87.96.216.39)
13:54:23 | [info ] | mr spoon left the server (87.96.216.39)
13:55:28 | [info ] | Connection accepted
13:55:28 | [info ] | Adding player with ID 2 and guid 238690781760745854, SteamID: STEAM_0:0:37857451
13:55:28 | [info ] | The Doctor joined the server (87.165.121.146)
13:55:37 | [info ] | Connection accepted
13:55:37 | [info ] | Adding player with ID 3 and guid 31526945080441522, SteamID: STEAM_0:1:40716914
13:55:37 | [info ] | TrueMP joined the server (87.165.121.146)
13:56:08 | [info ] | The Doctor left the server (87.165.121.146)
13:56:15 | [info ] | TrueMP left the server (87.165.121.146)
14:00:16 | [info ] | Connection accepted
14:00:16 | [info ] | Adding player with ID 3 and guid 216174085702115180, SteamID: STEAM_0:0:141645296
14:00:16 | [info ] | RUTHLESS joined the server (79.160.244.240)
14:00:45 | [info ] | RUTHLESS left the server (79.160.244.240)
14:01:33 | [info ] | Connection accepted
14:01:33 | [info ] | Adding player with ID 3 and guid 225179985697162926, SteamID: STEAM_0:0:143803365
14:01:33 | [info ] | ulitka0007 joined the server (185.82.177.86)
14:02:04 | [info ] | [chat]: <ulitka0007>: ип
14:02:08 | [info ] | ulitka0007 left the server (185.82.177.86)
14:03:37 | [info ] | Connection accepted
14:03:37 | [info ] | Adding player with ID 3 and guid 445856753125467591, SteamID: STEAM_0:1:79684630
14:03:37 | [info ] | Mr. :) joined the server (104.61.249.30)
14:03:50 | [info ] | Connection accepted
14:03:50 | [info ] | Adding player with ID 2 and guid 423338385801927905, SteamID: STEAM_0:0:70600589
14:03:50 | [info ] | $["=_="]$ )+++)===== joined the server (93.181.255.55)
14:04:07 | [info ] | Connection accepted
14:04:07 | [info ] | Adding player with ID 1 and guid 1031324937558942752, SteamID: STEAM_0:1:87173513
14:04:07 | [info ] | Gr0Y joined the server (2.94.182.167)
14:04:34 | [info ] | Mr. :) left the server (104.61.249.30)
14:04:42 | [info ] | [chat]: <$["=_="]$ )+++)=====>: /air port
14:04:49 | [info ] | $["=_="]$ )+++)===== left the server (93.181.255.55)
14:04:52 | [info ] | Gr0Y left the server (2.94.182.167)
14:05:42 | [info ] | Connection accepted
14:05:42 | [info ] | Adding player with ID 1 and guid 18014417115924245, SteamID: STEAM_0:0:11728421
14:05:42 | [info ] | Proglote joined the server (192.168.0.1)
14:08:23 | [info ] | Module CommandsController unloaded successfully
14:08:23 | [info ] | Module Maintenance unloaded successfully
14:08:23 | [info ] | Loading module CommandsController
14:08:23 | [info ] | Module CommandsController loaded successfully
14:08:23 | [info ] | Loading module Maintenance
14:08:23 | [info ] | Module Maintenance loaded successfully
14:08:23 | [info ] | Failed to load module Oil: Module can't be loaded because the path is empty
14:08:46 | [info ] | Module CommandsController unloaded successfully
14:08:46 | [info ] | Module Maintenance unloaded successfully
14:08:46 | [info ] | Loading module CommandsController
14:08:46 | [info ] | Module CommandsController loaded successfully
14:08:46 | [info ] | Loading module Maintenance
14:08:46 | [info ] | Module Maintenance loaded successfully
14:08:46 | [info ] | Failed to load module Oil: Module can't be loaded because the path is empty
14:08:56 | [info ] | Module CommandsController unloaded successfully
14:08:56 | [info ] | Module Maintenance unloaded successfully
14:08:56 | [info ] | Loading module CommandsController
14:08:56 | [info ] | Module CommandsController loaded successfully
14:08:56 | [info ] | Loading module Maintenance
14:08:56 | [info ] | Module Maintenance loaded successfully
14:08:56 | [info ] | Failed to load module Oil: Module can't be loaded because the path is empty
14:09:02 | [info ] | Module CommandsController unloaded successfully
14:09:02 | [info ] | Module Maintenance unloaded successfully
14:09:02 | [info ] | Loading module CommandsController
14:09:02 | [info ] | Module CommandsController loaded successfully
14:09:02 | [info ] | Loading module Maintenance
14:09:02 | [info ] | Module Maintenance loaded successfully
14:09:02 | [info ] | Failed to load module Oil: Module can't be loaded because the path is empty
14:09:12 | [info ] | Module CommandsController unloaded successfully
14:09:13 | [info ] | Module Maintenance unloaded successfully
14:09:13 | [info ] | Loading module CommandsController
14:09:13 | [info ] | Module CommandsController loaded successfully
14:09:13 | [info ] | Loading module Maintenance
14:09:13 | [info ] | Module Maintenance loaded successfully
14:09:13 | [info ] | Failed to load module Oil: Module can't be loaded because the path is empty
14:09:50 | [info ] | Module CommandsController unloaded successfully
14:09:50 | [info ] | Module Maintenance unloaded successfully
14:09:50 | [info ] | Loading module CommandsController
14:09:50 | [info ] | Module CommandsController loaded successfully
14:09:50 | [info ] | Loading module Maintenance
14:09:50 | [info ] | Module Maintenance loaded successfully
14:09:50 | [info ] | Failed to load module Oil: Module can't be loaded because the path is empty
14:10:09 | [info ] | Module CommandsController unloaded successfully
14:10:09 | [info ] | Module Maintenance unloaded successfully
14:10:09 | [info ] | Loading module CommandsController
14:10:09 | [info ] | Module CommandsController loaded successfully
14:10:09 | [info ] | Loading module Maintenance
14:10:09 | [info ] | Module Maintenance loaded successfully
14:10:09 | [info ] | Failed to load module Oil: Module can't be loaded because the path is empty
14:10:11 | [info ] | Module CommandsController unloaded successfully
14:10:11 | [info ] | Module Maintenance unloaded successfully
14:10:11 | [info ] | Loading module CommandsController
14:10:11 | [info ] | Module CommandsController loaded successfully
14:10:11 | [info ] | Loading module Maintenance
14:10:11 | [info ] | Module Maintenance loaded successfully
14:10:11 | [info ] | Failed to load module Oil: Module can't be loaded because the path is empty
14:10:40 | [info ] | Module CommandsController unloaded successfully
14:10:40 | [info ] | Module Maintenance unloaded successfully
14:10:40 | [info ] | Loading module CommandsController
14:10:40 | [info ] | Module CommandsController loaded successfully
14:10:40 | [info ] | Loading module Maintenance
14:10:40 | [info ] | Module Maintenance loaded successfully
14:10:40 | [info ] | Failed to load module Oil: Module can't be loaded because the path is empty
14:11:20 | [info ] | Module CommandsController unloaded successfully
14:11:20 | [info ] | Module Maintenance unloaded successfully
14:11:20 | [info ] | Loading module CommandsController
14:11:20 | [info ] | Module CommandsController loaded successfully
14:11:20 | [info ] | Loading module Maintenance
14:11:20 | [info ] | Module Maintenance loaded successfully
14:11:20 | [info ] | Failed to load module Oil: Module can't be loaded because the path is empty
14:11:43 | [info ] | Module CommandsController unloaded successfully
14:11:43 | [info ] | Module Maintenance unloaded successfully
14:11:43 | [info ] | Loading module CommandsController
14:11:43 | [info ] | Module CommandsController loaded successfully
14:11:43 | [info ] | Loading module Maintenance
14:11:43 | [info ] | Module Maintenance loaded successfully
14:11:43 | [info ] | Failed to load module Oil: Module can't be loaded because the path is empty
14:11:59 | [info ] | Module CommandsController unloaded successfully
14:11:59 | [info ] | Module Maintenance unloaded successfully
14:11:59 | [info ] | Loading module CommandsController
14:11:59 | [info ] | Module CommandsController loaded successfully
14:11:59 | [info ] | Loading module Maintenance
14:11:59 | [info ] | Module Maintenance loaded successfully
14:11:59 | [info ] | Failed to load module Oil: Module can't be loaded because the path is empty
14:12:11 | [info ] | Module CommandsController unloaded successfully
14:12:11 | [info ] | Module Maintenance unloaded successfully
14:12:11 | [info ] | Loading module CommandsController
14:12:11 | [info ] | Module CommandsController loaded successfully
14:12:11 | [info ] | Loading module Maintenance
14:12:11 | [info ] | Module Maintenance loaded successfully
14:12:11 | [info ] | Failed to load module Oil: Module can't be loaded because the path is empty
14:12:21 | [info ] | Module CommandsController unloaded successfully
14:12:21 | [info ] | Module Maintenance unloaded successfully
14:12:21 | [info ] | Loading module CommandsController
14:12:21 | [info ] | Module CommandsController loaded successfully
14:12:21 | [info ] | Loading module Maintenance
14:12:21 | [info ] | Module Maintenance loaded successfully
14:12:21 | [info ] | Failed to load module Oil: Module can't be loaded because the path is empty
14:12:35 | [info ] | Module CommandsController unloaded successfully
14:12:35 | [info ] | Module Maintenance unloaded successfully
14:12:35 | [info ] | Loading module CommandsController
14:12:35 | [info ] | Module CommandsController loaded successfully
14:12:35 | [info ] | Loading module Maintenance
14:12:35 | [info ] | Module Maintenance loaded successfully
14:12:35 | [info ] | Failed to load module Oil: Module can't be loaded because the path is empty
14:12:46 | [info ] | Module CommandsController unloaded successfully
14:12:46 | [info ] | Module Maintenance unloaded successfully
14:12:46 | [info ] | Loading module CommandsController
14:12:46 | [info ] | Module CommandsController loaded successfully
14:12:46 | [info ] | Loading module Maintenance
14:12:46 | [info ] | Module Maintenance loaded successfully
14:12:46 | [info ] | Failed to load module Oil: Module can't be loaded because the path is empty
14:12:54 | [info ] | Module CommandsController unloaded successfully
14:12:54 | [info ] | Module Maintenance unloaded successfully
14:12:54 | [info ] | Loading module CommandsController
14:12:54 | [info ] | Module CommandsController loaded successfully
14:12:54 | [info ] | Loading module Maintenance
14:12:54 | [info ] | Module Maintenance loaded successfully
14:12:54 | [info ] | Failed to load module Oil: Module can't be loaded because the path is empty
14:13:23 | [info ] | Module CommandsController unloaded successfully
14:13:23 | [info ] | Module Maintenance unloaded successfully
14:13:23 | [info ] | Loading module CommandsController
14:13:23 | [info ] | Module CommandsController loaded successfully
14:13:23 | [info ] | Loading module Maintenance
14:13:23 | [info ] | Module Maintenance loaded successfully
14:13:23 | [info ] | Failed to load module Oil: Module can't be loaded because the path is empty
14:13:30 | [info ] | Proglote left the server (192.168.0.1)
14:17:12 | [info ] | Module CommandsController unloaded successfully
14:17:12 | [info ] | Module Maintenance unloaded successfully
14:17:13 | [info ] | Server shutdown
